<?xml version="1.0" encoding="UTF-8"?>
<testsuite xmlns:xsi="http://www.w3.org/2001/XMLSchema-instance" xsi:noNamespaceSchemaLocation="https://maven.apache.org/surefire/maven-surefire-plugin/xsd/surefire-test-report.xsd" name="com.group3sc2.cyactivity.repository.ReportTypeRepositoryTest" time="5.325" tests="2" errors="2" skipped="0" failures="0">
  <properties>
    <property name="java.specification.version" value="17"/>
    <property name="sun.jnu.encoding" value="UTF-8"/>
    <property name="java.class.path" value="/Users/yannickfumukani/Documents/ISU/Fall-2021/COMS309_Java/3_sc_2/Backend/target/test-classes:/Users/yannickfumukani/Documents/ISU/Fall-2021/COMS309_Java/3_sc_2/Backend/target/classes:/Users/yannickfumukani/.m2/repository/org/springframework/boot/spring-boot-starter-data-jpa/2.5.5/spring-boot-starter-data-jpa-2.5.5.jar:/Users/yannickfumukani/.m2/repository/org/springframework/boot/spring-boot-starter-aop/2.5.5/spring-boot-starter-aop-2.5.5.jar:/Users/yannickfumukani/.m2/repository/org/aspectj/aspectjweaver/1.9.7/aspectjweaver-1.9.7.jar:/Users/yannickfumukani/.m2/repository/org/springframework/boot/spring-boot-starter-jdbc/2.5.5/spring-boot-starter-jdbc-2.5.5.jar:/Users/yannickfumukani/.m2/repository/com/zaxxer/HikariCP/4.0.3/HikariCP-4.0.3.jar:/Users/yannickfumukani/.m2/repository/org/springframework/spring-jdbc/5.3.10/spring-jdbc-5.3.10.jar:/Users/yannickfumukani/.m2/repository/jakarta/transaction/jakarta.transaction-api/1.3.3/jakarta.transaction-api-1.3.3.jar:/Users/yannickfumukani/.m2/repository/jakarta/persistence/jakarta.persistence-api/2.2.3/jakarta.persistence-api-2.2.3.jar:/Users/yannickfumukani/.m2/repository/org/hibernate/hibernate-core/5.4.32.Final/hibernate-core-5.4.32.Final.jar:/Users/yannickfumukani/.m2/repository/org/jboss/logging/jboss-logging/3.4.2.Final/jboss-logging-3.4.2.Final.jar:/Users/yannickfumukani/.m2/repository/org/javassist/javassist/3.27.0-GA/javassist-3.27.0-GA.jar:/Users/yannickfumukani/.m2/repository/net/bytebuddy/byte-buddy/1.10.22/byte-buddy-1.10.22.jar:/Users/yannickfumukani/.m2/repository/antlr/antlr/2.7.7/antlr-2.7.7.jar:/Users/yannickfumukani/.m2/repository/org/jboss/jandex/2.2.3.Final/jandex-2.2.3.Final.jar:/Users/yannickfumukani/.m2/repository/com/fasterxml/classmate/1.5.1/classmate-1.5.1.jar:/Users/yannickfumukani/.m2/repository/org/dom4j/dom4j/2.1.3/dom4j-2.1.3.jar:/Users/yannickfumukani/.m2/repository/org/hibernate/common/hibernate-commons-annotations/5.1.2.Final/hibernate-commons-annotations-5.1.2.Final.jar:/Users/yannickfumukani/.m2/repository/org/glassfish/jaxb/jaxb-runtime/2.3.5/jaxb-runtime-2.3.5.jar:/Users/yannickfumukani/.m2/repository/org/glassfish/jaxb/txw2/2.3.5/txw2-2.3.5.jar:/Users/yannickfumukani/.m2/repository/com/sun/istack/istack-commons-runtime/3.0.12/istack-commons-runtime-3.0.12.jar:/Users/yannickfumukani/.m2/repository/com/sun/activation/jakarta.activation/1.2.2/jakarta.activation-1.2.2.jar:/Users/yannickfumukani/.m2/repository/org/springframework/data/spring-data-jpa/2.5.5/spring-data-jpa-2.5.5.jar:/Users/yannickfumukani/.m2/repository/org/springframework/data/spring-data-commons/2.5.5/spring-data-commons-2.5.5.jar:/Users/yannickfumukani/.m2/repository/org/springframework/spring-orm/5.3.10/spring-orm-5.3.10.jar:/Users/yannickfumukani/.m2/repository/org/springframework/spring-context/5.3.10/spring-context-5.3.10.jar:/Users/yannickfumukani/.m2/repository/org/springframework/spring-tx/5.3.10/spring-tx-5.3.10.jar:/Users/yannickfumukani/.m2/repository/org/springframework/spring-beans/5.3.10/spring-beans-5.3.10.jar:/Users/yannickfumukani/.m2/repository/org/springframework/spring-aspects/5.3.10/spring-aspects-5.3.10.jar:/Users/yannickfumukani/.m2/repository/org/springframework/boot/spring-boot-starter-web/2.5.5/spring-boot-starter-web-2.5.5.jar:/Users/yannickfumukani/.m2/repository/org/springframework/boot/spring-boot-starter/2.5.5/spring-boot-starter-2.5.5.jar:/Users/yannickfumukani/.m2/repository/org/springframework/boot/spring-boot/2.5.5/spring-boot-2.5.5.jar:/Users/yannickfumukani/.m2/repository/org/springframework/boot/spring-boot-autoconfigure/2.5.5/spring-boot-autoconfigure-2.5.5.jar:/Users/yannickfumukani/.m2/repository/org/springframework/boot/spring-boot-starter-logging/2.5.5/spring-boot-starter-logging-2.5.5.jar:/Users/yannickfumukani/.m2/repository/ch/qos/logback/logback-classic/1.2.6/logback-classic-1.2.6.jar:/Users/yannickfumukani/.m2/repository/ch/qos/logback/logback-core/1.2.6/logback-core-1.2.6.jar:/Users/yannickfumukani/.m2/repository/org/apache/logging/log4j/log4j-to-slf4j/2.14.1/log4j-to-slf4j-2.14.1.jar:/Users/yannickfumukani/.m2/repository/org/apache/logging/log4j/log4j-api/2.14.1/log4j-api-2.14.1.jar:/Users/yannickfumukani/.m2/repository/org/slf4j/jul-to-slf4j/1.7.32/jul-to-slf4j-1.7.32.jar:/Users/yannickfumukani/.m2/repository/jakarta/annotation/jakarta.annotation-api/1.3.5/jakarta.annotation-api-1.3.5.jar:/Users/yannickfumukani/.m2/repository/org/yaml/snakeyaml/1.28/snakeyaml-1.28.jar:/Users/yannickfumukani/.m2/repository/org/springframework/boot/spring-boot-starter-json/2.5.5/spring-boot-starter-json-2.5.5.jar:/Users/yannickfumukani/.m2/repository/com/fasterxml/jackson/datatype/jackson-datatype-jdk8/2.12.5/jackson-datatype-jdk8-2.12.5.jar:/Users/yannickfumukani/.m2/repository/com/fasterxml/jackson/datatype/jackson-datatype-jsr310/2.12.5/jackson-datatype-jsr310-2.12.5.jar:/Users/yannickfumukani/.m2/repository/com/fasterxml/jackson/module/jackson-module-parameter-names/2.12.5/jackson-module-parameter-names-2.12.5.jar:/Users/yannickfumukani/.m2/repository/org/springframework/boot/spring-boot-starter-tomcat/2.5.5/spring-boot-starter-tomcat-2.5.5.jar:/Users/yannickfumukani/.m2/repository/org/apache/tomcat/embed/tomcat-embed-core/9.0.53/tomcat-embed-core-9.0.53.jar:/Users/yannickfumukani/.m2/repository/org/apache/tomcat/embed/tomcat-embed-el/9.0.53/tomcat-embed-el-9.0.53.jar:/Users/yannickfumukani/.m2/repository/org/apache/tomcat/embed/tomcat-embed-websocket/9.0.53/tomcat-embed-websocket-9.0.53.jar:/Users/yannickfumukani/.m2/repository/org/springframework/spring-web/5.3.10/spring-web-5.3.10.jar:/Users/yannickfumukani/.m2/repository/org/springframework/spring-webmvc/5.3.10/spring-webmvc-5.3.10.jar:/Users/yannickfumukani/.m2/repository/org/springframework/spring-expression/5.3.10/spring-expression-5.3.10.jar:/Users/yannickfumukani/.m2/repository/org/springdoc/springdoc-openapi-ui/1.5.12/springdoc-openapi-ui-1.5.12.jar:/Users/yannickfumukani/.m2/repository/org/springdoc/springdoc-openapi-webmvc-core/1.5.12/springdoc-openapi-webmvc-core-1.5.12.jar:/Users/yannickfumukani/.m2/repository/org/springdoc/springdoc-openapi-common/1.5.12/springdoc-openapi-common-1.5.12.jar:/Users/yannickfumukani/.m2/repository/io/swagger/core/v3/swagger-models/2.1.11/swagger-models-2.1.11.jar:/Users/yannickfumukani/.m2/repository/io/swagger/core/v3/swagger-integration/2.1.11/swagger-integration-2.1.11.jar:/Users/yannickfumukani/.m2/repository/io/swagger/core/v3/swagger-core/2.1.11/swagger-core-2.1.11.jar:/Users/yannickfumukani/.m2/repository/com/fasterxml/jackson/dataformat/jackson-dataformat-yaml/2.12.5/jackson-dataformat-yaml-2.12.5.jar:/Users/yannickfumukani/.m2/repository/jakarta/validation/jakarta.validation-api/2.0.2/jakarta.validation-api-2.0.2.jar:/Users/yannickfumukani/.m2/repository/io/github/classgraph/classgraph/4.8.116/classgraph-4.8.116.jar:/Users/yannickfumukani/.m2/repository/org/webjars/swagger-ui/3.52.5/swagger-ui-3.52.5.jar:/Users/yannickfumukani/.m2/repository/org/webjars/webjars-locator-core/0.46/webjars-locator-core-0.46.jar:/Users/yannickfumukani/.m2/repository/com/fasterxml/jackson/core/jackson-core/2.12.5/jackson-core-2.12.5.jar:/Users/yannickfumukani/.m2/repository/org/apache/commons/commons-lang3/3.12.0/commons-lang3-3.12.0.jar:/Users/yannickfumukani/.m2/repository/com/google/guava/guava/31.0.1-jre/guava-31.0.1-jre.jar:/Users/yannickfumukani/.m2/repository/com/google/guava/failureaccess/1.0.1/failureaccess-1.0.1.jar:/Users/yannickfumukani/.m2/repository/com/google/guava/listenablefuture/9999.0-empty-to-avoid-conflict-with-guava/listenablefuture-9999.0-empty-to-avoid-conflict-with-guava.jar:/Users/yannickfumukani/.m2/repository/com/google/code/findbugs/jsr305/3.0.2/jsr305-3.0.2.jar:/Users/yannickfumukani/.m2/repository/org/checkerframework/checker-qual/3.12.0/checker-qual-3.12.0.jar:/Users/yannickfumukani/.m2/repository/com/google/errorprone/error_prone_annotations/2.7.1/error_prone_annotations-2.7.1.jar:/Users/yannickfumukani/.m2/repository/com/google/j2objc/j2objc-annotations/1.3/j2objc-annotations-1.3.jar:/Users/yannickfumukani/.m2/repository/com/auth0/java-jwt/3.18.2/java-jwt-3.18.2.jar:/Users/yannickfumukani/.m2/repository/com/fasterxml/jackson/core/jackson-databind/2.12.5/jackson-databind-2.12.5.jar:/Users/yannickfumukani/.m2/repository/javax/xml/bind/jaxb-api/2.3.1/jaxb-api-2.3.1.jar:/Users/yannickfumukani/.m2/repository/javax/activation/javax.activation-api/1.2.0/javax.activation-api-1.2.0.jar:/Users/yannickfumukani/.m2/repository/org/springframework/boot/spring-boot-starter-security/2.5.5/spring-boot-starter-security-2.5.5.jar:/Users/yannickfumukani/.m2/repository/org/springframework/spring-aop/5.3.10/spring-aop-5.3.10.jar:/Users/yannickfumukani/.m2/repository/org/springframework/security/spring-security-config/5.5.2/spring-security-config-5.5.2.jar:/Users/yannickfumukani/.m2/repository/org/springframework/security/spring-security-web/5.5.2/spring-security-web-5.5.2.jar:/Users/yannickfumukani/.m2/repository/org/springframework/security/spring-security-test/5.5.2/spring-security-test-5.5.2.jar:/Users/yannickfumukani/.m2/repository/org/springframework/security/spring-security-core/5.5.2/spring-security-core-5.5.2.jar:/Users/yannickfumukani/.m2/repository/org/springframework/security/spring-security-crypto/5.5.2/spring-security-crypto-5.5.2.jar:/Users/yannickfumukani/.m2/repository/org/springframework/spring-core/5.3.10/spring-core-5.3.10.jar:/Users/yannickfumukani/.m2/repository/org/springframework/spring-jcl/5.3.10/spring-jcl-5.3.10.jar:/Users/yannickfumukani/.m2/repository/org/springframework/spring-test/5.3.10/spring-test-5.3.10.jar:/Users/yannickfumukani/.m2/repository/mysql/mysql-connector-java/8.0.26/mysql-connector-java-8.0.26.jar:/Users/yannickfumukani/.m2/repository/org/projectlombok/lombok/1.18.20/lombok-1.18.20.jar:/Users/yannickfumukani/.m2/repository/org/springframework/boot/spring-boot-starter-test/2.5.5/spring-boot-starter-test-2.5.5.jar:/Users/yannickfumukani/.m2/repository/org/springframework/boot/spring-boot-test/2.5.5/spring-boot-test-2.5.5.jar:/Users/yannickfumukani/.m2/repository/org/springframework/boot/spring-boot-test-autoconfigure/2.5.5/spring-boot-test-autoconfigure-2.5.5.jar:/Users/yannickfumukani/.m2/repository/com/jayway/jsonpath/json-path/2.5.0/json-path-2.5.0.jar:/Users/yannickfumukani/.m2/repository/net/minidev/json-smart/2.4.7/json-smart-2.4.7.jar:/Users/yannickfumukani/.m2/repository/net/minidev/accessors-smart/2.4.7/accessors-smart-2.4.7.jar:/Users/yannickfumukani/.m2/repository/org/ow2/asm/asm/9.1/asm-9.1.jar:/Users/yannickfumukani/.m2/repository/jakarta/xml/bind/jakarta.xml.bind-api/2.3.3/jakarta.xml.bind-api-2.3.3.jar:/Users/yannickfumukani/.m2/repository/jakarta/activation/jakarta.activation-api/1.2.2/jakarta.activation-api-1.2.2.jar:/Users/yannickfumukani/.m2/repository/org/assertj/assertj-core/3.19.0/assertj-core-3.19.0.jar:/Users/yannickfumukani/.m2/repository/org/hamcrest/hamcrest/2.2/hamcrest-2.2.jar:/Users/yannickfumukani/.m2/repository/org/junit/jupiter/junit-jupiter/5.7.2/junit-jupiter-5.7.2.jar:/Users/yannickfumukani/.m2/repository/org/junit/jupiter/junit-jupiter-api/5.7.2/junit-jupiter-api-5.7.2.jar:/Users/yannickfumukani/.m2/repository/org/apiguardian/apiguardian-api/1.1.0/apiguardian-api-1.1.0.jar:/Users/yannickfumukani/.m2/repository/org/opentest4j/opentest4j/1.2.0/opentest4j-1.2.0.jar:/Users/yannickfumukani/.m2/repository/org/junit/platform/junit-platform-commons/1.7.2/junit-platform-commons-1.7.2.jar:/Users/yannickfumukani/.m2/repository/org/junit/jupiter/junit-jupiter-params/5.7.2/junit-jupiter-params-5.7.2.jar:/Users/yannickfumukani/.m2/repository/org/junit/jupiter/junit-jupiter-engine/5.7.2/junit-jupiter-engine-5.7.2.jar:/Users/yannickfumukani/.m2/repository/org/junit/platform/junit-platform-engine/1.7.2/junit-platform-engine-1.7.2.jar:/Users/yannickfumukani/.m2/repository/org/mockito/mockito-core/3.9.0/mockito-core-3.9.0.jar:/Users/yannickfumukani/.m2/repository/net/bytebuddy/byte-buddy-agent/1.10.22/byte-buddy-agent-1.10.22.jar:/Users/yannickfumukani/.m2/repository/org/objenesis/objenesis/3.2/objenesis-3.2.jar:/Users/yannickfumukani/.m2/repository/org/mockito/mockito-junit-jupiter/3.9.0/mockito-junit-jupiter-3.9.0.jar:/Users/yannickfumukani/.m2/repository/org/skyscreamer/jsonassert/1.5.0/jsonassert-1.5.0.jar:/Users/yannickfumukani/.m2/repository/com/vaadin/external/google/android-json/0.0.20131108.vaadin1/android-json-0.0.20131108.vaadin1.jar:/Users/yannickfumukani/.m2/repository/org/xmlunit/xmlunit-core/2.8.2/xmlunit-core-2.8.2.jar:/Users/yannickfumukani/.m2/repository/io/swagger/swagger-annotations/1.5.20/swagger-annotations-1.5.20.jar:/Users/yannickfumukani/.m2/repository/io/swagger/core/v3/swagger-annotations/2.1.2/swagger-annotations-2.1.2.jar:/Users/yannickfumukani/.m2/repository/io/swagger/swagger-models/1.5.20/swagger-models-1.5.20.jar:/Users/yannickfumukani/.m2/repository/com/fasterxml/jackson/core/jackson-annotations/2.12.5/jackson-annotations-2.12.5.jar:/Users/yannickfumukani/.m2/repository/org/slf4j/slf4j-api/1.7.32/slf4j-api-1.7.32.jar:"/>
    <property name="java.vm.vendor" value="Homebrew"/>
    <property name="sun.arch.data.model" value="64"/>
    <property name="java.vendor.url" value="https://github.com/Homebrew/homebrew-core/issues"/>
    <property name="os.name" value="Mac OS X"/>
    <property name="java.vm.specification.version" value="17"/>
    <property name="sun.java.launcher" value="SUN_STANDARD"/>
    <property name="user.country" value="US"/>
    <property name="sun.boot.library.path" value="/usr/local/Cellar/openjdk/17/libexec/openjdk.jdk/Contents/Home/lib"/>
    <property name="sun.java.command" value="/Users/yannickfumukani/Documents/ISU/Fall-2021/COMS309_Java/3_sc_2/Backend/target/surefire/surefirebooter4038663169370559066.jar /Users/yannickfumukani/Documents/ISU/Fall-2021/COMS309_Java/3_sc_2/Backend/target/surefire 2021-11-08T15-27-15_314-jvmRun1 surefire12061660385079420332tmp surefire_06769896285496050695tmp"/>
    <property name="http.nonProxyHosts" value="local|*.local|169.254/16|*.169.254/16"/>
    <property name="jdk.debug" value="release"/>
    <property name="surefire.test.class.path" value="/Users/yannickfumukani/Documents/ISU/Fall-2021/COMS309_Java/3_sc_2/Backend/target/test-classes:/Users/yannickfumukani/Documents/ISU/Fall-2021/COMS309_Java/3_sc_2/Backend/target/classes:/Users/yannickfumukani/.m2/repository/org/springframework/boot/spring-boot-starter-data-jpa/2.5.5/spring-boot-starter-data-jpa-2.5.5.jar:/Users/yannickfumukani/.m2/repository/org/springframework/boot/spring-boot-starter-aop/2.5.5/spring-boot-starter-aop-2.5.5.jar:/Users/yannickfumukani/.m2/repository/org/aspectj/aspectjweaver/1.9.7/aspectjweaver-1.9.7.jar:/Users/yannickfumukani/.m2/repository/org/springframework/boot/spring-boot-starter-jdbc/2.5.5/spring-boot-starter-jdbc-2.5.5.jar:/Users/yannickfumukani/.m2/repository/com/zaxxer/HikariCP/4.0.3/HikariCP-4.0.3.jar:/Users/yannickfumukani/.m2/repository/org/springframework/spring-jdbc/5.3.10/spring-jdbc-5.3.10.jar:/Users/yannickfumukani/.m2/repository/jakarta/transaction/jakarta.transaction-api/1.3.3/jakarta.transaction-api-1.3.3.jar:/Users/yannickfumukani/.m2/repository/jakarta/persistence/jakarta.persistence-api/2.2.3/jakarta.persistence-api-2.2.3.jar:/Users/yannickfumukani/.m2/repository/org/hibernate/hibernate-core/5.4.32.Final/hibernate-core-5.4.32.Final.jar:/Users/yannickfumukani/.m2/repository/org/jboss/logging/jboss-logging/3.4.2.Final/jboss-logging-3.4.2.Final.jar:/Users/yannickfumukani/.m2/repository/org/javassist/javassist/3.27.0-GA/javassist-3.27.0-GA.jar:/Users/yannickfumukani/.m2/repository/net/bytebuddy/byte-buddy/1.10.22/byte-buddy-1.10.22.jar:/Users/yannickfumukani/.m2/repository/antlr/antlr/2.7.7/antlr-2.7.7.jar:/Users/yannickfumukani/.m2/repository/org/jboss/jandex/2.2.3.Final/jandex-2.2.3.Final.jar:/Users/yannickfumukani/.m2/repository/com/fasterxml/classmate/1.5.1/classmate-1.5.1.jar:/Users/yannickfumukani/.m2/repository/org/dom4j/dom4j/2.1.3/dom4j-2.1.3.jar:/Users/yannickfumukani/.m2/repository/org/hibernate/common/hibernate-commons-annotations/5.1.2.Final/hibernate-commons-annotations-5.1.2.Final.jar:/Users/yannickfumukani/.m2/repository/org/glassfish/jaxb/jaxb-runtime/2.3.5/jaxb-runtime-2.3.5.jar:/Users/yannickfumukani/.m2/repository/org/glassfish/jaxb/txw2/2.3.5/txw2-2.3.5.jar:/Users/yannickfumukani/.m2/repository/com/sun/istack/istack-commons-runtime/3.0.12/istack-commons-runtime-3.0.12.jar:/Users/yannickfumukani/.m2/repository/com/sun/activation/jakarta.activation/1.2.2/jakarta.activation-1.2.2.jar:/Users/yannickfumukani/.m2/repository/org/springframework/data/spring-data-jpa/2.5.5/spring-data-jpa-2.5.5.jar:/Users/yannickfumukani/.m2/repository/org/springframework/data/spring-data-commons/2.5.5/spring-data-commons-2.5.5.jar:/Users/yannickfumukani/.m2/repository/org/springframework/spring-orm/5.3.10/spring-orm-5.3.10.jar:/Users/yannickfumukani/.m2/repository/org/springframework/spring-context/5.3.10/spring-context-5.3.10.jar:/Users/yannickfumukani/.m2/repository/org/springframework/spring-tx/5.3.10/spring-tx-5.3.10.jar:/Users/yannickfumukani/.m2/repository/org/springframework/spring-beans/5.3.10/spring-beans-5.3.10.jar:/Users/yannickfumukani/.m2/repository/org/springframework/spring-aspects/5.3.10/spring-aspects-5.3.10.jar:/Users/yannickfumukani/.m2/repository/org/springframework/boot/spring-boot-starter-web/2.5.5/spring-boot-starter-web-2.5.5.jar:/Users/yannickfumukani/.m2/repository/org/springframework/boot/spring-boot-starter/2.5.5/spring-boot-starter-2.5.5.jar:/Users/yannickfumukani/.m2/repository/org/springframework/boot/spring-boot/2.5.5/spring-boot-2.5.5.jar:/Users/yannickfumukani/.m2/repository/org/springframework/boot/spring-boot-autoconfigure/2.5.5/spring-boot-autoconfigure-2.5.5.jar:/Users/yannickfumukani/.m2/repository/org/springframework/boot/spring-boot-starter-logging/2.5.5/spring-boot-starter-logging-2.5.5.jar:/Users/yannickfumukani/.m2/repository/ch/qos/logback/logback-classic/1.2.6/logback-classic-1.2.6.jar:/Users/yannickfumukani/.m2/repository/ch/qos/logback/logback-core/1.2.6/logback-core-1.2.6.jar:/Users/yannickfumukani/.m2/repository/org/apache/logging/log4j/log4j-to-slf4j/2.14.1/log4j-to-slf4j-2.14.1.jar:/Users/yannickfumukani/.m2/repository/org/apache/logging/log4j/log4j-api/2.14.1/log4j-api-2.14.1.jar:/Users/yannickfumukani/.m2/repository/org/slf4j/jul-to-slf4j/1.7.32/jul-to-slf4j-1.7.32.jar:/Users/yannickfumukani/.m2/repository/jakarta/annotation/jakarta.annotation-api/1.3.5/jakarta.annotation-api-1.3.5.jar:/Users/yannickfumukani/.m2/repository/org/yaml/snakeyaml/1.28/snakeyaml-1.28.jar:/Users/yannickfumukani/.m2/repository/org/springframework/boot/spring-boot-starter-json/2.5.5/spring-boot-starter-json-2.5.5.jar:/Users/yannickfumukani/.m2/repository/com/fasterxml/jackson/datatype/jackson-datatype-jdk8/2.12.5/jackson-datatype-jdk8-2.12.5.jar:/Users/yannickfumukani/.m2/repository/com/fasterxml/jackson/datatype/jackson-datatype-jsr310/2.12.5/jackson-datatype-jsr310-2.12.5.jar:/Users/yannickfumukani/.m2/repository/com/fasterxml/jackson/module/jackson-module-parameter-names/2.12.5/jackson-module-parameter-names-2.12.5.jar:/Users/yannickfumukani/.m2/repository/org/springframework/boot/spring-boot-starter-tomcat/2.5.5/spring-boot-starter-tomcat-2.5.5.jar:/Users/yannickfumukani/.m2/repository/org/apache/tomcat/embed/tomcat-embed-core/9.0.53/tomcat-embed-core-9.0.53.jar:/Users/yannickfumukani/.m2/repository/org/apache/tomcat/embed/tomcat-embed-el/9.0.53/tomcat-embed-el-9.0.53.jar:/Users/yannickfumukani/.m2/repository/org/apache/tomcat/embed/tomcat-embed-websocket/9.0.53/tomcat-embed-websocket-9.0.53.jar:/Users/yannickfumukani/.m2/repository/org/springframework/spring-web/5.3.10/spring-web-5.3.10.jar:/Users/yannickfumukani/.m2/repository/org/springframework/spring-webmvc/5.3.10/spring-webmvc-5.3.10.jar:/Users/yannickfumukani/.m2/repository/org/springframework/spring-expression/5.3.10/spring-expression-5.3.10.jar:/Users/yannickfumukani/.m2/repository/org/springdoc/springdoc-openapi-ui/1.5.12/springdoc-openapi-ui-1.5.12.jar:/Users/yannickfumukani/.m2/repository/org/springdoc/springdoc-openapi-webmvc-core/1.5.12/springdoc-openapi-webmvc-core-1.5.12.jar:/Users/yannickfumukani/.m2/repository/org/springdoc/springdoc-openapi-common/1.5.12/springdoc-openapi-common-1.5.12.jar:/Users/yannickfumukani/.m2/repository/io/swagger/core/v3/swagger-models/2.1.11/swagger-models-2.1.11.jar:/Users/yannickfumukani/.m2/repository/io/swagger/core/v3/swagger-integration/2.1.11/swagger-integration-2.1.11.jar:/Users/yannickfumukani/.m2/repository/io/swagger/core/v3/swagger-core/2.1.11/swagger-core-2.1.11.jar:/Users/yannickfumukani/.m2/repository/com/fasterxml/jackson/dataformat/jackson-dataformat-yaml/2.12.5/jackson-dataformat-yaml-2.12.5.jar:/Users/yannickfumukani/.m2/repository/jakarta/validation/jakarta.validation-api/2.0.2/jakarta.validation-api-2.0.2.jar:/Users/yannickfumukani/.m2/repository/io/github/classgraph/classgraph/4.8.116/classgraph-4.8.116.jar:/Users/yannickfumukani/.m2/repository/org/webjars/swagger-ui/3.52.5/swagger-ui-3.52.5.jar:/Users/yannickfumukani/.m2/repository/org/webjars/webjars-locator-core/0.46/webjars-locator-core-0.46.jar:/Users/yannickfumukani/.m2/repository/com/fasterxml/jackson/core/jackson-core/2.12.5/jackson-core-2.12.5.jar:/Users/yannickfumukani/.m2/repository/org/apache/commons/commons-lang3/3.12.0/commons-lang3-3.12.0.jar:/Users/yannickfumukani/.m2/repository/com/google/guava/guava/31.0.1-jre/guava-31.0.1-jre.jar:/Users/yannickfumukani/.m2/repository/com/google/guava/failureaccess/1.0.1/failureaccess-1.0.1.jar:/Users/yannickfumukani/.m2/repository/com/google/guava/listenablefuture/9999.0-empty-to-avoid-conflict-with-guava/listenablefuture-9999.0-empty-to-avoid-conflict-with-guava.jar:/Users/yannickfumukani/.m2/repository/com/google/code/findbugs/jsr305/3.0.2/jsr305-3.0.2.jar:/Users/yannickfumukani/.m2/repository/org/checkerframework/checker-qual/3.12.0/checker-qual-3.12.0.jar:/Users/yannickfumukani/.m2/repository/com/google/errorprone/error_prone_annotations/2.7.1/error_prone_annotations-2.7.1.jar:/Users/yannickfumukani/.m2/repository/com/google/j2objc/j2objc-annotations/1.3/j2objc-annotations-1.3.jar:/Users/yannickfumukani/.m2/repository/com/auth0/java-jwt/3.18.2/java-jwt-3.18.2.jar:/Users/yannickfumukani/.m2/repository/com/fasterxml/jackson/core/jackson-databind/2.12.5/jackson-databind-2.12.5.jar:/Users/yannickfumukani/.m2/repository/javax/xml/bind/jaxb-api/2.3.1/jaxb-api-2.3.1.jar:/Users/yannickfumukani/.m2/repository/javax/activation/javax.activation-api/1.2.0/javax.activation-api-1.2.0.jar:/Users/yannickfumukani/.m2/repository/org/springframework/boot/spring-boot-starter-security/2.5.5/spring-boot-starter-security-2.5.5.jar:/Users/yannickfumukani/.m2/repository/org/springframework/spring-aop/5.3.10/spring-aop-5.3.10.jar:/Users/yannickfumukani/.m2/repository/org/springframework/security/spring-security-config/5.5.2/spring-security-config-5.5.2.jar:/Users/yannickfumukani/.m2/repository/org/springframework/security/spring-security-web/5.5.2/spring-security-web-5.5.2.jar:/Users/yannickfumukani/.m2/repository/org/springframework/security/spring-security-test/5.5.2/spring-security-test-5.5.2.jar:/Users/yannickfumukani/.m2/repository/org/springframework/security/spring-security-core/5.5.2/spring-security-core-5.5.2.jar:/Users/yannickfumukani/.m2/repository/org/springframework/security/spring-security-crypto/5.5.2/spring-security-crypto-5.5.2.jar:/Users/yannickfumukani/.m2/repository/org/springframework/spring-core/5.3.10/spring-core-5.3.10.jar:/Users/yannickfumukani/.m2/repository/org/springframework/spring-jcl/5.3.10/spring-jcl-5.3.10.jar:/Users/yannickfumukani/.m2/repository/org/springframework/spring-test/5.3.10/spring-test-5.3.10.jar:/Users/yannickfumukani/.m2/repository/mysql/mysql-connector-java/8.0.26/mysql-connector-java-8.0.26.jar:/Users/yannickfumukani/.m2/repository/org/projectlombok/lombok/1.18.20/lombok-1.18.20.jar:/Users/yannickfumukani/.m2/repository/org/springframework/boot/spring-boot-starter-test/2.5.5/spring-boot-starter-test-2.5.5.jar:/Users/yannickfumukani/.m2/repository/org/springframework/boot/spring-boot-test/2.5.5/spring-boot-test-2.5.5.jar:/Users/yannickfumukani/.m2/repository/org/springframework/boot/spring-boot-test-autoconfigure/2.5.5/spring-boot-test-autoconfigure-2.5.5.jar:/Users/yannickfumukani/.m2/repository/com/jayway/jsonpath/json-path/2.5.0/json-path-2.5.0.jar:/Users/yannickfumukani/.m2/repository/net/minidev/json-smart/2.4.7/json-smart-2.4.7.jar:/Users/yannickfumukani/.m2/repository/net/minidev/accessors-smart/2.4.7/accessors-smart-2.4.7.jar:/Users/yannickfumukani/.m2/repository/org/ow2/asm/asm/9.1/asm-9.1.jar:/Users/yannickfumukani/.m2/repository/jakarta/xml/bind/jakarta.xml.bind-api/2.3.3/jakarta.xml.bind-api-2.3.3.jar:/Users/yannickfumukani/.m2/repository/jakarta/activation/jakarta.activation-api/1.2.2/jakarta.activation-api-1.2.2.jar:/Users/yannickfumukani/.m2/repository/org/assertj/assertj-core/3.19.0/assertj-core-3.19.0.jar:/Users/yannickfumukani/.m2/repository/org/hamcrest/hamcrest/2.2/hamcrest-2.2.jar:/Users/yannickfumukani/.m2/repository/org/junit/jupiter/junit-jupiter/5.7.2/junit-jupiter-5.7.2.jar:/Users/yannickfumukani/.m2/repository/org/junit/jupiter/junit-jupiter-api/5.7.2/junit-jupiter-api-5.7.2.jar:/Users/yannickfumukani/.m2/repository/org/apiguardian/apiguardian-api/1.1.0/apiguardian-api-1.1.0.jar:/Users/yannickfumukani/.m2/repository/org/opentest4j/opentest4j/1.2.0/opentest4j-1.2.0.jar:/Users/yannickfumukani/.m2/repository/org/junit/platform/junit-platform-commons/1.7.2/junit-platform-commons-1.7.2.jar:/Users/yannickfumukani/.m2/repository/org/junit/jupiter/junit-jupiter-params/5.7.2/junit-jupiter-params-5.7.2.jar:/Users/yannickfumukani/.m2/repository/org/junit/jupiter/junit-jupiter-engine/5.7.2/junit-jupiter-engine-5.7.2.jar:/Users/yannickfumukani/.m2/repository/org/junit/platform/junit-platform-engine/1.7.2/junit-platform-engine-1.7.2.jar:/Users/yannickfumukani/.m2/repository/org/mockito/mockito-core/3.9.0/mockito-core-3.9.0.jar:/Users/yannickfumukani/.m2/repository/net/bytebuddy/byte-buddy-agent/1.10.22/byte-buddy-agent-1.10.22.jar:/Users/yannickfumukani/.m2/repository/org/objenesis/objenesis/3.2/objenesis-3.2.jar:/Users/yannickfumukani/.m2/repository/org/mockito/mockito-junit-jupiter/3.9.0/mockito-junit-jupiter-3.9.0.jar:/Users/yannickfumukani/.m2/repository/org/skyscreamer/jsonassert/1.5.0/jsonassert-1.5.0.jar:/Users/yannickfumukani/.m2/repository/com/vaadin/external/google/android-json/0.0.20131108.vaadin1/android-json-0.0.20131108.vaadin1.jar:/Users/yannickfumukani/.m2/repository/org/xmlunit/xmlunit-core/2.8.2/xmlunit-core-2.8.2.jar:/Users/yannickfumukani/.m2/repository/io/swagger/swagger-annotations/1.5.20/swagger-annotations-1.5.20.jar:/Users/yannickfumukani/.m2/repository/io/swagger/core/v3/swagger-annotations/2.1.2/swagger-annotations-2.1.2.jar:/Users/yannickfumukani/.m2/repository/io/swagger/swagger-models/1.5.20/swagger-models-1.5.20.jar:/Users/yannickfumukani/.m2/repository/com/fasterxml/jackson/core/jackson-annotations/2.12.5/jackson-annotations-2.12.5.jar:/Users/yannickfumukani/.m2/repository/org/slf4j/slf4j-api/1.7.32/slf4j-api-1.7.32.jar:"/>
    <property name="sun.cpu.endian" value="little"/>
    <property name="user.home" value="/Users/yannickfumukani"/>
    <property name="user.language" value="en"/>
    <property name="java.specification.vendor" value="Oracle Corporation"/>
    <property name="java.version.date" value="2021-09-14"/>
    <property name="java.home" value="/usr/local/Cellar/openjdk/17/libexec/openjdk.jdk/Contents/Home"/>
    <property name="file.separator" value="/"/>
    <property name="basedir" value="/Users/yannickfumukani/Documents/ISU/Fall-2021/COMS309_Java/3_sc_2/Backend"/>
    <property name="java.vm.compressedOopsMode" value="Zero based"/>
    <property name="line.separator" value="&#10;"/>
    <property name="java.specification.name" value="Java Platform API Specification"/>
    <property name="java.vm.specification.vendor" value="Oracle Corporation"/>
    <property name="surefire.real.class.path" value="/Users/yannickfumukani/Documents/ISU/Fall-2021/COMS309_Java/3_sc_2/Backend/target/surefire/surefirebooter4038663169370559066.jar"/>
    <property name="sun.management.compiler" value="HotSpot 64-Bit Tiered Compilers"/>
    <property name="ftp.nonProxyHosts" value="local|*.local|169.254/16|*.169.254/16"/>
    <property name="java.runtime.version" value="17+0"/>
    <property name="user.name" value="yannickfumukani"/>
    <property name="path.separator" value=":"/>
    <property name="os.version" value="12.0.1"/>
    <property name="java.runtime.name" value="OpenJDK Runtime Environment"/>
    <property name="file.encoding" value="UTF-8"/>
    <property name="java.vm.name" value="OpenJDK 64-Bit Server VM"/>
    <property name="java.vendor.version" value="Homebrew"/>
    <property name="localRepository" value="/Users/yannickfumukani/.m2/repository"/>
    <property name="java.vendor.url.bug" value="https://github.com/Homebrew/homebrew-core/issues"/>
    <property name="java.io.tmpdir" value="/var/folders/fc/lj0s40w13wb6vtt1x9kr0mvr0000gn/T/"/>
    <property name="java.version" value="17"/>
    <property name="user.dir" value="/Users/yannickfumukani/Documents/ISU/Fall-2021/COMS309_Java/3_sc_2/Backend"/>
    <property name="os.arch" value="x86_64"/>
    <property name="java.vm.specification.name" value="Java Virtual Machine Specification"/>
    <property name="native.encoding" value="UTF-8"/>
    <property name="java.library.path" value="/Users/yannickfumukani/Library/Java/Extensions:/Library/Java/Extensions:/Network/Library/Java/Extensions:/System/Library/Java/Extensions:/usr/lib/java:."/>
    <property name="java.vm.info" value="mixed mode, sharing"/>
    <property name="java.vendor" value="Homebrew"/>
    <property name="java.vm.version" value="17+0"/>
    <property name="sun.io.unicode.encoding" value="UnicodeBig"/>
    <property name="socksNonProxyHosts" value="local|*.local|169.254/16|*.169.254/16"/>
    <property name="java.class.version" value="61.0"/>
  </properties>
  <testcase name="addRepoType{ReportType}" classname="com.group3sc2.cyactivity.repository.ReportTypeRepositoryTest" time="0.141">
    <error message="No ParameterResolver registered for parameter [com.group3sc2.cyactivity.model.ReportType r] in method [public void com.group3sc2.cyactivity.repository.ReportTypeRepositoryTest.addRepoType(com.group3sc2.cyactivity.model.ReportType)]." type="org.junit.jupiter.api.extension.ParameterResolutionException">org.junit.jupiter.api.extension.ParameterResolutionException: No ParameterResolver registered for parameter [com.group3sc2.cyactivity.model.ReportType r] in method [public void com.group3sc2.cyactivity.repository.ReportTypeRepositoryTest.addRepoType(com.group3sc2.cyactivity.model.ReportType)].
</error>
    <system-out><![CDATA[15:27:15.925 [main] DEBUG org.springframework.test.context.BootstrapUtils - Instantiating CacheAwareContextLoaderDelegate from class [org.springframework.test.context.cache.DefaultCacheAwareContextLoaderDelegate]
15:27:15.934 [main] DEBUG org.springframework.test.context.BootstrapUtils - Instantiating BootstrapContext using constructor [public org.springframework.test.context.support.DefaultBootstrapContext(java.lang.Class,org.springframework.test.context.CacheAwareContextLoaderDelegate)]
15:27:15.965 [main] DEBUG org.springframework.test.context.BootstrapUtils - Instantiating TestContextBootstrapper for test class [com.group3sc2.cyactivity.repository.ReportTypeRepositoryTest] from class [org.springframework.boot.test.context.SpringBootTestContextBootstrapper]
15:27:15.976 [main] INFO org.springframework.boot.test.context.SpringBootTestContextBootstrapper - Neither @ContextConfiguration nor @ContextHierarchy found for test class [com.group3sc2.cyactivity.repository.ReportTypeRepositoryTest], using SpringBootContextLoader
15:27:15.979 [main] DEBUG org.springframework.test.context.support.AbstractContextLoader - Did not detect default resource location for test class [com.group3sc2.cyactivity.repository.ReportTypeRepositoryTest]: class path resource [com/group3sc2/cyactivity/repository/ReportTypeRepositoryTest-context.xml] does not exist
15:27:15.979 [main] DEBUG org.springframework.test.context.support.AbstractContextLoader - Did not detect default resource location for test class [com.group3sc2.cyactivity.repository.ReportTypeRepositoryTest]: class path resource [com/group3sc2/cyactivity/repository/ReportTypeRepositoryTestContext.groovy] does not exist
15:27:15.979 [main] INFO org.springframework.test.context.support.AbstractContextLoader - Could not detect default resource locations for test class [com.group3sc2.cyactivity.repository.ReportTypeRepositoryTest]: no resource found for suffixes {-context.xml, Context.groovy}.
15:27:15.979 [main] INFO org.springframework.test.context.support.AnnotationConfigContextLoaderUtils - Could not detect default configuration classes for test class [com.group3sc2.cyactivity.repository.ReportTypeRepositoryTest]: ReportTypeRepositoryTest does not declare any static, non-private, non-final, nested classes annotated with @Configuration.
15:27:16.021 [main] DEBUG org.springframework.test.context.support.ActiveProfilesUtils - Could not find an 'annotation declaring class' for annotation type [org.springframework.test.context.ActiveProfiles] and class [com.group3sc2.cyactivity.repository.ReportTypeRepositoryTest]
15:27:16.073 [main] DEBUG org.springframework.context.annotation.ClassPathScanningCandidateComponentProvider - Identified candidate component class: file [/Users/yannickfumukani/Documents/ISU/Fall-2021/COMS309_Java/3_sc_2/Backend/target/classes/com/group3sc2/cyactivity/CyactivityApplication.class]
15:27:16.074 [main] INFO org.springframework.boot.test.context.SpringBootTestContextBootstrapper - Found @SpringBootConfiguration com.group3sc2.cyactivity.CyactivityApplication for test class com.group3sc2.cyactivity.repository.ReportTypeRepositoryTest
15:27:16.145 [main] DEBUG org.springframework.boot.test.context.SpringBootTestContextBootstrapper - @TestExecutionListeners is not present for class [com.group3sc2.cyactivity.repository.ReportTypeRepositoryTest]: using defaults.
15:27:16.146 [main] INFO org.springframework.boot.test.context.SpringBootTestContextBootstrapper - Loaded default TestExecutionListener class names from location [META-INF/spring.factories]: [org.springframework.security.test.context.support.WithSecurityContextTestExecutionListener, org.springframework.security.test.context.support.ReactorContextTestExecutionListener, org.springframework.test.context.web.ServletTestExecutionListener, org.springframework.test.context.support.DirtiesContextBeforeModesTestExecutionListener, org.springframework.test.context.event.ApplicationEventsTestExecutionListener, org.springframework.test.context.support.DependencyInjectionTestExecutionListener, org.springframework.test.context.support.DirtiesContextTestExecutionListener, org.springframework.test.context.transaction.TransactionalTestExecutionListener, org.springframework.test.context.jdbc.SqlScriptsTestExecutionListener, org.springframework.test.context.event.EventPublishingTestExecutionListener, org.springframework.boot.test.mock.mockito.MockitoTestExecutionListener, org.springframework.boot.test.mock.mockito.ResetMocksTestExecutionListener, org.springframework.boot.test.autoconfigure.restdocs.RestDocsTestExecutionListener, org.springframework.boot.test.autoconfigure.web.client.MockRestServiceServerResetTestExecutionListener, org.springframework.boot.test.autoconfigure.web.servlet.MockMvcPrintOnlyOnFailureTestExecutionListener, org.springframework.boot.test.autoconfigure.web.servlet.WebDriverTestExecutionListener, org.springframework.boot.test.autoconfigure.webservices.client.MockWebServiceServerTestExecutionListener]
15:27:16.166 [main] INFO org.springframework.boot.test.context.SpringBootTestContextBootstrapper - Using TestExecutionListeners: [org.springframework.test.context.web.ServletTestExecutionListener@9573584, org.springframework.test.context.support.DirtiesContextBeforeModesTestExecutionListener@3370f42, org.springframework.test.context.event.ApplicationEventsTestExecutionListener@6057aebb, org.springframework.boot.test.mock.mockito.MockitoTestExecutionListener@63eef88a, org.springframework.boot.test.autoconfigure.SpringBootDependencyInjectionTestExecutionListener@53251a66, org.springframework.test.context.support.DirtiesContextTestExecutionListener@6853425f, org.springframework.test.context.transaction.TransactionalTestExecutionListener@352c1b98, org.springframework.test.context.jdbc.SqlScriptsTestExecutionListener@21129f1f, org.springframework.security.test.context.support.WithSecurityContextTestExecutionListener@5a9f4771, org.springframework.test.context.event.EventPublishingTestExecutionListener@282cb7c7, org.springframework.security.test.context.support.ReactorContextTestExecutionListener@7d898981, org.springframework.boot.test.mock.mockito.ResetMocksTestExecutionListener@48d61b48, org.springframework.boot.test.autoconfigure.restdocs.RestDocsTestExecutionListener@68d279ec, org.springframework.boot.test.autoconfigure.web.client.MockRestServiceServerResetTestExecutionListener@258d79be, org.springframework.boot.test.autoconfigure.web.servlet.MockMvcPrintOnlyOnFailureTestExecutionListener@14f9390f, org.springframework.boot.test.autoconfigure.web.servlet.WebDriverTestExecutionListener@6c0d7c83, org.springframework.boot.test.autoconfigure.webservices.client.MockWebServiceServerTestExecutionListener@176b75f7]
15:27:16.170 [main] DEBUG org.springframework.test.context.support.AbstractDirtiesContextTestExecutionListener - Before test class: context [DefaultTestContext@68dc098b testClass = ReportTypeRepositoryTest, testInstance = [null], testMethod = [null], testException = [null], mergedContextConfiguration = [WebMergedContextConfiguration@38ba6ce3 testClass = ReportTypeRepositoryTest, locations = '{}', classes = '{class com.group3sc2.cyactivity.CyactivityApplication}', contextInitializerClasses = '[]', activeProfiles = '{}', propertySourceLocations = '{}', propertySourceProperties = '{org.springframework.boot.test.context.SpringBootTestContextBootstrapper=true}', contextCustomizers = set[org.springframework.boot.test.context.filter.ExcludeFilterContextCustomizer@68e965f5, org.springframework.boot.test.json.DuplicateJsonObjectContextCustomizerFactory$DuplicateJsonObjectContextCustomizer@f381794, org.springframework.boot.test.mock.mockito.MockitoContextCustomizer@0, org.springframework.boot.test.web.client.TestRestTemplateContextCustomizer@5fa07e12, org.springframework.boot.test.autoconfigure.actuate.metrics.MetricsExportContextCustomizerFactory$DisableMetricExportContextCustomizer@6a370f4, org.springframework.boot.test.autoconfigure.properties.PropertyMappingContextCustomizer@0, org.springframework.boot.test.autoconfigure.web.servlet.WebDriverContextCustomizerFactory$Customizer@e7edb54, org.springframework.boot.test.context.SpringBootTestArgs@1, org.springframework.boot.test.context.SpringBootTestWebEnvironment@23e028a9], resourceBasePath = 'src/main/webapp', contextLoader = 'org.springframework.boot.test.context.SpringBootContextLoader', parent = [null]], attributes = map['org.springframework.test.context.web.ServletTestExecutionListener.activateListener' -> true]], class annotated with @DirtiesContext [false] with mode [null].
15:27:16.196 [main] DEBUG org.springframework.test.context.support.TestPropertySourceUtils - Adding inlined properties to environment: {spring.jmx.enabled=false, org.springframework.boot.test.context.SpringBootTestContextBootstrapper=true}

  .   ____          _            __ _ _
 /\\ / ___'_ __ _ _(_)_ __  __ _ \ \ \ \
( ( )\___ | '_ | '_| | '_ \/ _` | \ \ \ \
 \\/  ___)| |_)| | | | | || (_| |  ) ) ) )
  '  |____| .__|_| |_|_| |_\__, | / / / /
 =========|_|==============|___/=/_/_/_/
 :: Spring Boot ::                (v2.5.5)

2021-11-08 15:27:16.570  INFO 66175 --- [           main] c.g.c.r.ReportTypeRepositoryTest         : Starting ReportTypeRepositoryTest using Java 17 on Yannicks-MacBook-Pro.local with PID 66175 (started by yannickfumukani in /Users/yannickfumukani/Documents/ISU/Fall-2021/COMS309_Java/3_sc_2/Backend)
2021-11-08 15:27:16.572  INFO 66175 --- [           main] c.g.c.r.ReportTypeRepositoryTest         : No active profile set, falling back to default profiles: default
2021-11-08 15:27:17.151  INFO 66175 --- [           main] .s.d.r.c.RepositoryConfigurationDelegate : Bootstrapping Spring Data JPA repositories in DEFAULT mode.
2021-11-08 15:27:17.214  INFO 66175 --- [           main] .s.d.r.c.RepositoryConfigurationDelegate : Finished Spring Data repository scanning in 58 ms. Found 6 JPA repository interfaces.
2021-11-08 15:27:17.516  INFO 66175 --- [           main] trationDelegate$BeanPostProcessorChecker : Bean 'org.springframework.security.access.expression.method.DefaultMethodSecurityExpressionHandler@5e1dde44' of type [org.springframework.security.access.expression.method.DefaultMethodSecurityExpressionHandler] is not eligible for getting processed by all BeanPostProcessors (for example: not eligible for auto-proxying)
2021-11-08 15:27:17.524  INFO 66175 --- [           main] trationDelegate$BeanPostProcessorChecker : Bean 'methodSecurityMetadataSource' of type [org.springframework.security.access.method.DelegatingMethodSecurityMetadataSource] is not eligible for getting processed by all BeanPostProcessors (for example: not eligible for auto-proxying)
2021-11-08 15:27:17.726  INFO 66175 --- [           main] o.hibernate.jpa.internal.util.LogHelper  : HHH000204: Processing PersistenceUnitInfo [name: default]
2021-11-08 15:27:17.759  INFO 66175 --- [           main] org.hibernate.Version                    : HHH000412: Hibernate ORM core version 5.4.32.Final
2021-11-08 15:27:17.894  INFO 66175 --- [           main] o.hibernate.annotations.common.Version   : HCANN000001: Hibernate Commons Annotations {5.1.2.Final}
2021-11-08 15:27:17.969  INFO 66175 --- [           main] com.zaxxer.hikari.HikariDataSource       : HikariPool-1 - Starting...
2021-11-08 15:27:18.364  INFO 66175 --- [           main] com.zaxxer.hikari.HikariDataSource       : HikariPool-1 - Start completed.
2021-11-08 15:27:18.376  INFO 66175 --- [           main] org.hibernate.dialect.Dialect            : HHH000400: Using dialect: org.hibernate.dialect.MySQL5Dialect
Hibernate: 
    
    alter table enrollment 
       add constraint FKfw08eu2wvghmqseod575yv1pd 
       foreign key (activity_id) 
       references activity (activity_id)
Hibernate: 
    
    alter table enrollment 
       add constraint FKgpuyid9pbfpxghv9vyhb0ictd 
       foreign key (user_id) 
       references user (user_id)
Hibernate: 
    
    alter table user_report_report_type 
       add constraint FK2fdp3p7khp2psf0kyrkpm7rgd 
       foreign key (report_type_report_type_id) 
       references report_type (report_type_id)
Hibernate: 
    
    alter table user_report_report_type 
       add constraint FKjkfphk9ycr052640atowp41f3 
       foreign key (user_report_report_id) 
       references user_report (report_id)
2021-11-08 15:27:19.037  INFO 66175 --- [           main] o.h.e.t.j.p.i.JtaPlatformInitiator       : HHH000490: Using JtaPlatform implementation: [org.hibernate.engine.transaction.jta.platform.internal.NoJtaPlatform]
2021-11-08 15:27:19.049  INFO 66175 --- [           main] j.LocalContainerEntityManagerFactoryBean : Initialized JPA EntityManagerFactory for persistence unit 'default'
2021-11-08 15:27:19.589  WARN 66175 --- [           main] JpaBaseConfiguration$JpaWebConfiguration : spring.jpa.open-in-view is enabled by default. Therefore, database queries may be performed during view rendering. Explicitly configure spring.jpa.open-in-view to disable this warning
2021-11-08 15:27:20.584  INFO 66175 --- [           main] o.s.s.web.DefaultSecurityFilterChain     : Will secure any request with [org.springframework.security.web.context.request.async.WebAsyncManagerIntegrationFilter@3b9c05f, org.springframework.security.web.context.SecurityContextPersistenceFilter@2e51ede1, org.springframework.security.web.header.HeaderWriterFilter@10df1f34, org.springframework.web.filter.CorsFilter@288915a1, org.springframework.security.web.authentication.logout.LogoutFilter@24fc9aa5, com.group3sc2.cyactivity.filter.JWTAuthorizationFilter@4258106, org.springframework.security.web.savedrequest.RequestCacheAwareFilter@67730dab, org.springframework.security.web.servletapi.SecurityContextHolderAwareRequestFilter@489b7559, org.springframework.security.web.authentication.AnonymousAuthenticationFilter@62a6a47e, org.springframework.security.web.session.SessionManagementFilter@3f5e64c9, org.springframework.security.web.access.ExceptionTranslationFilter@3220833f, org.springframework.security.web.access.intercept.FilterSecurityInterceptor@2a9f7572]
2021-11-08 15:27:21.013  INFO 66175 --- [           main] c.g.c.r.ReportTypeRepositoryTest         : Started ReportTypeRepositoryTest in 4.808 seconds (JVM running for 5.547)
]]></system-out>
  </testcase>
  <testcase name="editReportType{String, long}" classname="com.group3sc2.cyactivity.repository.ReportTypeRepositoryTest" time="0.002">
    <error message="No ParameterResolver registered for parameter [java.lang.String title] in method [public void com.group3sc2.cyactivity.repository.ReportTypeRepositoryTest.editReportType(java.lang.String,long)]." type="org.junit.jupiter.api.extension.ParameterResolutionException">org.junit.jupiter.api.extension.ParameterResolutionException: No ParameterResolver registered for parameter [java.lang.String title] in method [public void com.group3sc2.cyactivity.repository.ReportTypeRepositoryTest.editReportType(java.lang.String,long)].
</error>
  </testcase>
</testsuite>